<?xml version="1.0" encoding="UTF-8"?>
<!-- Generated by org.testng.reporters.JUnitXMLReporter -->
<testsuite ignored="0" hostname="swati_pc" failures="0" tests="2" name="Default test" time="7.072" errors="0" timestamp="2025-09-13T15:17:35 IST">
  <testcase classname="com.crm.genericbaseutility.takeSSwithtestNg" name="takeSSofwebeklement" time="3.797"/>
  <testcase classname="com.crm.genericbaseutility.takeSSwithtestNg" name="takeSSofwebpage" time="3.223"/>
</testsuite> <!-- Default test -->
