<?xml version="1.0" encoding="UTF-8"?>
<!-- Generated by org.testng.reporters.JUnitXMLReporter -->
<testsuite ignored="2" hostname="swati_pc" failures="0" tests="5" name="BatchTest" time="55.244" errors="0" timestamp="2025-09-03T15:01:05 IST">
  <testcase classname="com.crm.comcast.ogrtest.createorgtest" name="createOrgWithIndustry" time="11.765"/>
  <testcase classname="com.crm.comcast.ogrtest.createorgtest" name="createOrganisation" time="11.317"/>
  <testcase classname="com.crm.comcast.ogrtest.createorgtest" name="createorgwithphoneno" time="10.707"/>
  <testcase classname="com.crm.comcast.contacttest.createcontacttest" name="createcontact" time="10.45"/>
  <testcase classname="com.crm.comcast.contacttest.createcontacttest" name="createcontactwithSupportDate" time="10.923"/>
  <testcase classname="com.crm.genericbaseutility.BaseClass" name="@BeforeSuite configBeforeSuite" time="0.0">
    <ignored/>
  </testcase> <!-- @BeforeSuite configBeforeSuite -->
  <testcase classname="com.crm.genericbaseutility.BaseClass" name="@AfterSuite configAfterSuite" time="0.0">
    <ignored/>
  </testcase> <!-- @AfterSuite configAfterSuite -->
</testsuite> <!-- BatchTest -->
