<?xml version="1.0" encoding="UTF-8"?>
<!-- Generated by org.testng.reporters.JUnitXMLReporter -->
<testsuite ignored="0" hostname="swati_pc" failures="0" tests="5" name="GroupTest" time="53.547" errors="0" timestamp="2025-09-03T15:08:31 IST">
  <testcase classname="com.crm.comcast.ogrtest.createorgtest" name="createOrgWithIndustry" time="11.414"/>
  <testcase classname="com.crm.comcast.ogrtest.createorgtest" name="createOrganisation" time="10.699"/>
  <testcase classname="com.crm.comcast.ogrtest.createorgtest" name="createorgwithphoneno" time="10.348"/>
  <testcase classname="com.crm.comcast.contacttest.createcontacttest" name="createcontact" time="10.242"/>
  <testcase classname="com.crm.comcast.contacttest.createcontacttest" name="createcontactwithSupportDate" time="10.62"/>
</testsuite> <!-- GroupTest -->
