<?xml version="1.0" encoding="UTF-8"?>
<testng-results ignored="0" total="2" passed="2" failed="0" skipped="0">
  <reporter-output>
    <line>
      <![CDATA[====SS Taken Successfully====]]>
    </line>
    <line>
      <![CDATA[====SS Taken Successfully]]>
    </line>
  </reporter-output>
  <suite started-at="2025-09-13T15:17:28 IST" name="Default suite" finished-at="2025-09-13T15:17:35 IST" duration-ms="7072">
    <groups>
    </groups>
    <test started-at="2025-09-13T15:17:28 IST" name="Default test" finished-at="2025-09-13T15:17:35 IST" duration-ms="7072">
      <class name="com.crm.genericbaseutility.takeSSwithtestNg">
        <test-method signature="takeSSofwebeklement()[pri:0, instance:com.crm.genericbaseutility.takeSSwithtestNg@7dcf94f8]" started-at="2025-09-13T15:17:28 IST" name="takeSSofwebeklement" finished-at="2025-09-13T15:17:32 IST" duration-ms="3797" status="PASS">
          <reporter-output>
            <line>
              <![CDATA[====SS Taken Successfully====]]>
            </line>
          </reporter-output>
        </test-method> <!-- takeSSofwebeklement -->
        <test-method signature="takeSSofwebpage()[pri:0, instance:com.crm.genericbaseutility.takeSSwithtestNg@7dcf94f8]" started-at="2025-09-13T15:17:32 IST" name="takeSSofwebpage" finished-at="2025-09-13T15:17:35 IST" duration-ms="3223" status="PASS">
          <reporter-output>
            <line>
              <![CDATA[====SS Taken Successfully]]>
            </line>
          </reporter-output>
        </test-method> <!-- takeSSofwebpage -->
      </class> <!-- com.crm.genericbaseutility.takeSSwithtestNg -->
    </test> <!-- Default test -->
  </suite> <!-- Default suite -->
</testng-results>
